            funcname: parasail_sw_striped_profile_avx2_256_sat
              cutoff: 7
          use filter: no
          gap_extend: 5
            gap_open: 8
              matrix: ./parasail/util/matrices/BLOSUM62
                 AOL: 80
                 SIM: 40
                  OS: 30
                file: ./sampledata/target/ref.fa
               query: ./sampledata/query/P04775.fasta
              output: parasail.csv
  read and pack time: 0.0712 seconds
            sentinal: $
end of packed buffer: 11113016
 number of sequences: 6
   number of queries: 1
   number of db seqs: 5
      enumerate time: 0.0000 seconds
        unique pairs: 5
     omp num threads: 4
    openmp prep time: 0.0000 seconds
        profile init: 0.0000 seconds
    profile creation: 0.0012 seconds
                work: 22277565025 cells
      alignment time: 1.0783 seconds
               gcups: 20.6605 
     profile cleanup: 0.0000 seconds
